c:\sumin\windows programming mini project\홍수민\5_project\apiproject_v1\apiproject_v1\debug\apiproject_v1\vc142.pdb
c:\sumin\windows programming mini project\홍수민\5_project\apiproject_v1\apiproject_v1\debug\apiproject_v1\vc142.idb
c:\sumin\windows programming mini project\홍수민\5_project\apiproject_v1\apiproject_v1\debug\apiproject_v1\winmain.obj
c:\sumin\windows programming mini project\홍수민\5_project\apiproject_v1\apiproject_v1\debug\apiproject_v1\slengine.obj
c:\sumin\windows programming mini project\홍수민\5_project\apiproject_v1\apiproject_v1\debug\apiproject_v1\main.obj
c:\sumin\windows programming mini project\홍수민\5_project\apiproject_v1\apiproject_v1\debug\apiproject_v1\animation.obj
c:\sumin\windows programming mini project\홍수민\5_project\apiproject_v1\apiproject_v1\debug\apiproject_v1\player.obj
c:\sumin\windows programming mini project\홍수민\5_project\apiproject_v1\apiproject_v1\debug\apiproject_v1\monster.obj
c:\sumin\windows programming mini project\홍수민\5_project\apiproject_v1\apiproject_v1\debug\apiproject_v1\dbg_memory.obj
c:\sumin\windows programming mini project\홍수민\5_project\apiproject_v1\apiproject_v1\debug\apiproject_v1\collisionmgr.obj
c:\sumin\windows programming mini project\홍수민\5_project\apiproject_v1\apiproject_v1\debug\apiproject_v1\data.obj
c:\sumin\windows programming mini project\홍수민\5_project\apiproject_v1\apiproject_v1\debug\apiproject_v1\sltime.obj
c:\sumin\windows programming mini project\홍수민\5_project\apiproject_v1\apiproject_v1\debug\apiproject_v1\move.obj
c:\sumin\windows programming mini project\홍수민\5_project\apiproject_v1\debug\apiproject_v1.exe
c:\sumin\windows programming mini project\홍수민\5_project\apiproject_v1\debug\apiproject_v1.ilk
c:\sumin\windows programming mini project\홍수민\5_project\apiproject_v1\debug\apiproject_v1.pdb
c:\sumin\windows programming mini project\홍수민\5_project\apiproject_v1\apiproject_v1\debug\apiproject_v1\wpdefault.res
c:\sumin\windows programming mini project\홍수민\5_project\apiproject_v1\apiproject_v1\debug\apiproject_v1\apiproject_v1.tlog\cl.command.1.tlog
c:\sumin\windows programming mini project\홍수민\5_project\apiproject_v1\apiproject_v1\debug\apiproject_v1\apiproject_v1.tlog\cl.read.1.tlog
c:\sumin\windows programming mini project\홍수민\5_project\apiproject_v1\apiproject_v1\debug\apiproject_v1\apiproject_v1.tlog\cl.write.1.tlog
c:\sumin\windows programming mini project\홍수민\5_project\apiproject_v1\apiproject_v1\debug\apiproject_v1\apiproject_v1.tlog\link.command.1.tlog
c:\sumin\windows programming mini project\홍수민\5_project\apiproject_v1\apiproject_v1\debug\apiproject_v1\apiproject_v1.tlog\link.read.1.tlog
c:\sumin\windows programming mini project\홍수민\5_project\apiproject_v1\apiproject_v1\debug\apiproject_v1\apiproject_v1.tlog\link.write.1.tlog
c:\sumin\windows programming mini project\홍수민\5_project\apiproject_v1\apiproject_v1\debug\apiproject_v1\apiproject_v1.tlog\rc.command.1.tlog
c:\sumin\windows programming mini project\홍수민\5_project\apiproject_v1\apiproject_v1\debug\apiproject_v1\apiproject_v1.tlog\rc.read.1.tlog
c:\sumin\windows programming mini project\홍수민\5_project\apiproject_v1\apiproject_v1\debug\apiproject_v1\apiproject_v1.tlog\rc.write.1.tlog
